<?xml version="1.0" encoding="UTF-8"?>
<!-- Generated by org.testng.reporters.JUnitXMLReporter -->
<testsuite ignored="0" hostname="IN-GDJ9WP3" failures="0" tests="1" name="Surefire test" time="0.045" errors="0" timestamp="2023-08-13T16:58:13 IST">
  <testcase classname="test.BaseTest" name="@BeforeMethod openUrl" time="0.008">
    <failure type="java.lang.NoClassDefFoundError" message="org/openqa/selenium/federatedcredentialmanagement/HasFederatedCredentialManagement">
      <![CDATA[java.lang.NoClassDefFoundError: org/openqa/selenium/federatedcredentialmanagement/HasFederatedCredentialManagement
at java.base/java.lang.ClassLoader.defineClass1(Native Method)
at java.base/java.lang.ClassLoader.defineClass(ClassLoader.java:1016)
at java.base/java.security.SecureClassLoader.defineClass(SecureClassLoader.java:174)
at java.base/jdk.internal.loader.BuiltinClassLoader.defineClass(BuiltinClassLoader.java:800)
at java.base/jdk.internal.loader.BuiltinClassLoader.findClassOnClassPathOrNull(BuiltinClassLoader.java:698)
at java.base/jdk.internal.loader.BuiltinClassLoader.loadClassOrNull(BuiltinClassLoader.java:621)
at java.base/jdk.internal.loader.BuiltinClassLoader.loadClass(BuiltinClassLoader.java:579)
at java.base/jdk.internal.loader.ClassLoaders$AppClassLoader.loadClass(ClassLoaders.java:178)
at java.base/java.lang.ClassLoader.loadClass(ClassLoader.java:521)
at java.base/java.lang.ClassLoader.defineClass1(Native Method)
at java.base/java.lang.ClassLoader.defineClass(ClassLoader.java:1016)
at java.base/java.security.SecureClassLoader.defineClass(SecureClassLoader.java:174)
at java.base/jdk.internal.loader.BuiltinClassLoader.defineClass(BuiltinClassLoader.java:800)
at java.base/jdk.internal.loader.BuiltinClassLoader.findClassOnClassPathOrNull(BuiltinClassLoader.java:698)
at java.base/jdk.internal.loader.BuiltinClassLoader.loadClassOrNull(BuiltinClassLoader.java:621)
at java.base/jdk.internal.loader.BuiltinClassLoader.loadClass(BuiltinClassLoader.java:579)
at java.base/jdk.internal.loader.ClassLoaders$AppClassLoader.loadClass(ClassLoaders.java:178)
at java.base/java.lang.ClassLoader.loadClass(ClassLoader.java:521)
at test.BaseTest.openUrl(BaseTest.java:54)
at java.base/java.util.ArrayList.forEach(ArrayList.java:1540)
Caused by: java.lang.ClassNotFoundException: org.openqa.selenium.federatedcredentialmanagement.HasFederatedCredentialManagement
at java.base/jdk.internal.loader.BuiltinClassLoader.loadClass(BuiltinClassLoader.java:581)
at java.base/jdk.internal.loader.ClassLoaders$AppClassLoader.loadClass(ClassLoaders.java:178)
at java.base/java.lang.ClassLoader.loadClass(ClassLoader.java:521)
... 56 more
... Removed 36 stack frames]]>
    </failure>
  </testcase> <!-- @BeforeMethod openUrl -->
  <testcase classname="test.BaseTest" name="@AfterMethod close" time="-1.691926093679E9">
    <skipped/>
  </testcase> <!-- @AfterMethod close -->
  <testcase classname="test.SearchTest" name="search" time="0.0">
    <skipped/>
  </testcase> <!-- search -->
</testsuite> <!-- Surefire test -->
