<?xml version="1.0" encoding="UTF-8"?>
<testng-results ignored="0" total="1" passed="1" failed="0" skipped="0">
  <reporter-output>
  </reporter-output>
  <suite started-at="2023-08-11T23:49:03 IST" name="Suite" finished-at="2023-08-11T23:49:13 IST" duration-ms="10788">
    <groups>
    </groups>
    <test started-at="2023-08-11T23:49:03 IST" name="Test" finished-at="2023-08-11T23:49:13 IST" duration-ms="10788">
      <class name="test.SearchTest">
        <test-method is-config="true" signature="openUrl()[pri:0, instance:test.SearchTest@6cd28fa7]" started-at="2023-08-11T23:49:03 IST" name="openUrl" finished-at="2023-08-11T23:49:08 IST" duration-ms="4785" status="PASS">
          <reporter-output>
          </reporter-output>
        </test-method> <!-- openUrl -->
        <test-method signature="search()[pri:0, instance:test.SearchTest@6cd28fa7]" started-at="2023-08-11T23:49:08 IST" name="search" finished-at="2023-08-11T23:49:12 IST" duration-ms="4793" status="PASS">
          <reporter-output>
          </reporter-output>
        </test-method> <!-- search -->
        <test-method is-config="true" signature="close()[pri:0, instance:test.SearchTest@6cd28fa7]" started-at="2023-08-11T23:49:12 IST" name="close" finished-at="2023-08-11T23:49:13 IST" duration-ms="1168" status="PASS">
          <reporter-output>
          </reporter-output>
        </test-method> <!-- close -->
      </class> <!-- test.SearchTest -->
    </test> <!-- Test -->
  </suite> <!-- Suite -->
</testng-results>
